
WEC-Sim Input From Standard wecSimInputFile.m Of Case Directory... 
WEC-Sim: An open-source code for simulating wave energy converters
Version: 6.0

Initializing the Simulation Class...
	Case Dir: C:\Users\um1023\Documents\SMC\RegularCIC_SMCcontroller 
Elapsed time is 0.209745 seconds.

WEC-Sim Pre-processing ...   
Elapsed time is 0.225740 seconds.

WEC-Sim Simulation Settings:
	Start Time                     (sec) = 0
	End Time                       (sec) = 500
	Time Step Size                 (sec) = 0.1
	Ramp Function Time             (sec) = 30
	Convolution Integral Interval  (sec) = 60
	 Number of Time Steps     = 5000 

Wave Environment: 
	Wave Type                            = Regular Waves (Convolution Integral Calculation)
	Wave Height, height (m)                   = 0.8222
	Wave Period, period (sec)                 = 6

List of Body: Number of Bodies = 1 

	***** Body Number 1, Name: ellipsoid *****
	Body CG                          (m) = [0,0,-2]
	Body Mass                       (kg) = 133376 
	Body Moments of Inertia       (kgm2) = [1.37526E+06,1.37526E+06,1.34172E+06]
	Body Products of Inertia      (kgm2) = [0,0,0]

List of PTO(s): Number of PTOs = 1 

	***** PTO Name: PTO1 *****
	PTO Stiffness           (N/m;Nm/rad) = 0
	PTO Damping           (Ns/m;Nsm/rad) = 0

List of Constraint(s): No Constraint in the system


Simulating the WEC device defined in the SimMechanics model C:\Users\um1023\Documents\SMC\RegularCIC_SMCcontroller\ellipsoidSMC.slx...   
Elapsed time is 5.118138 seconds.
